0 info it worked if it ends with ok
1 verbose cli [ 'C:\\Program Files\\nodejs\\node.exe',
1 verbose cli   'C:\\Program Files\\nodejs\\node_modules\\npm\\bin\\npm-cli.js',
1 verbose cli   'run',
1 verbose cli   'sonar-scanner' ]
2 info using npm@3.10.10
3 info using node@v6.11.2
4 verbose run-script [ 'presonar-scanner', 'sonar-scanner', 'postsonar-scanner' ]
5 info lifecycle apnanode@1.0.0~presonar-scanner: apnanode@1.0.0
6 silly lifecycle apnanode@1.0.0~presonar-scanner: no script for presonar-scanner, continuing
7 info lifecycle apnanode@1.0.0~sonar-scanner: apnanode@1.0.0
8 verbose lifecycle apnanode@1.0.0~sonar-scanner: unsafe-perm in lifecycle true
9 verbose lifecycle apnanode@1.0.0~sonar-scanner: PATH: C:\Program Files\nodejs\node_modules\npm\bin\node-gyp-bin;C:\Users\IBM_ADMIN\Documents\apnanode\node_modules\.bin;C:\windows\system32;C:\windows;C:\windows\System32\Wbem;C:\windows\System32\WindowsPowerShell\v1.0\;c:\Program Files\Lenovo\Fingerprint Manager Pro\;C:\Program Files (x86)\IBM\Personal Communications\;C:\Program Files (x86)\IBM\Trace Facility\;C:\Program Files (x86)\IBM\Mobility Client\;C:\Program Files\Intel\WiFi\bin\;C:\Program Files\Common Files\Intel\WirelessCommon\;C:\Program Files\Git\cmd;C:\Program Files\IBM\Bluemix\bin;C:\Program Files\Java\jdk1.8.0_144\bin;C:\Program Files\Cloud Foundry;C:\Program Files\nodejs\;C:\Program Files\Java\jdk1.8.0_151;C:\Program Files\Intel\WiFi\bin\;C:\Program Files\Common Files\Intel\WirelessCommon\;C:\Users\IBM_ADMIN\AppData\Roaming\npm;C:\Program Files\Java\jdk1.8.0_151;
10 verbose lifecycle apnanode@1.0.0~sonar-scanner: CWD: C:\Users\IBM_ADMIN\Documents\apnanode
11 silly lifecycle apnanode@1.0.0~sonar-scanner: Args: [ '/d /s /c', 'node_modules/sonar-scanner/bin/sonar-scanner' ]
12 silly lifecycle apnanode@1.0.0~sonar-scanner: Returned: code: 1  signal: null
13 info lifecycle apnanode@1.0.0~sonar-scanner: Failed to exec sonar-scanner script
14 verbose stack Error: apnanode@1.0.0 sonar-scanner: `node_modules/sonar-scanner/bin/sonar-scanner`
14 verbose stack Exit status 1
14 verbose stack     at EventEmitter.<anonymous> (C:\Program Files\nodejs\node_modules\npm\lib\utils\lifecycle.js:255:16)
14 verbose stack     at emitTwo (events.js:106:13)
14 verbose stack     at EventEmitter.emit (events.js:191:7)
14 verbose stack     at ChildProcess.<anonymous> (C:\Program Files\nodejs\node_modules\npm\lib\utils\spawn.js:40:14)
14 verbose stack     at emitTwo (events.js:106:13)
14 verbose stack     at ChildProcess.emit (events.js:191:7)
14 verbose stack     at maybeClose (internal/child_process.js:891:16)
14 verbose stack     at Process.ChildProcess._handle.onexit (internal/child_process.js:226:5)
15 verbose pkgid apnanode@1.0.0
16 verbose cwd C:\Users\IBM_ADMIN\Documents\apnanode
17 error Windows_NT 6.1.7601
18 error argv "C:\\Program Files\\nodejs\\node.exe" "C:\\Program Files\\nodejs\\node_modules\\npm\\bin\\npm-cli.js" "run" "sonar-scanner"
19 error node v6.11.2
20 error npm  v3.10.10
21 error code ELIFECYCLE
22 error apnanode@1.0.0 sonar-scanner: `node_modules/sonar-scanner/bin/sonar-scanner`
22 error Exit status 1
23 error Failed at the apnanode@1.0.0 sonar-scanner script 'node_modules/sonar-scanner/bin/sonar-scanner'.
23 error Make sure you have the latest version of node.js and npm installed.
23 error If you do, this is most likely a problem with the apnanode package,
23 error not with npm itself.
23 error Tell the author that this fails on your system:
23 error     node_modules/sonar-scanner/bin/sonar-scanner
23 error You can get information on how to open an issue for this project with:
23 error     npm bugs apnanode
23 error Or if that isn't available, you can get their info via:
23 error     npm owner ls apnanode
23 error There is likely additional logging output above.
24 verbose exit [ 1, true ]
